14:07:48.529 [NamespaceSystem-akka.actor.default-dispatcher-4] INFO akka.event.slf4j.Slf4jLogger - Slf4jLogger started
14:07:48.734 [main] INFO com.firebase.server.forge.App$ - Listening at 0.0.0.0:9000
14:07:58.686 [NamespaceSystem-akka.actor.default-dispatcher-4] INFO com.firebase.core.namespace.NamespaceActor - bounce-10-default-rtdb successfully activated FBKV (SurveyIdle(0)) wait: 137ms, init: 0ms
14:07:58.746 [NamespaceSystem-blocking-namespace-operation-dispatcher-6] INFO com.firebase.core.namespace.StateManager - Namespace bounce-10-default-rtdb status Active to Active
14:08:12.289 [FirebaseWorkerPool-1-3] WARN com.firebase.core.persistence.backend.dummy.EmulatorMetadataPersistence - Multiple projectIds are not recommended in single project mode. Requested 
namespace visualscriptingapp-default-rtdb, but the emulator is configured for bounce-10-default-rtdb. To 
opt-out of single project mode add/set the singleProjectMode: false property in 
the firebase.json emulators config. 
14:08:12.292 [NamespaceSystem-akka.actor.default-dispatcher-4] INFO com.firebase.core.namespace.NamespaceActor - visualscriptingapp-default-rtdb successfully activated FBKV (SurveyIdle(0)) wait: 1ms, init: 0ms
14:25:56.255 [FirebaseWorkerPool-1-3] WARN com.firebase.core.persistence.backend.dummy.EmulatorMetadataPersistence - Multiple projectIds are not recommended in single project mode. Requested 
namespace bounce-10, but the emulator is configured for visualscriptingapp-default-rtdb,bounce-10-default-rtdb. To 
opt-out of single project mode add/set the singleProjectMode: false property in 
the firebase.json emulators config. 
14:25:56.268 [NamespaceSystem-akka.actor.default-dispatcher-29] INFO com.firebase.core.namespace.NamespaceActor - bounce-10 successfully activated FBKV (SurveyIdle(0)) wait: 4ms, init: 0ms
10:34:43.743 [Thread-0] INFO com.firebase.server.forge.App$ - Attempting graceful shutdown.
10:34:43.817 [NamespaceSystem-akka.actor.default-dispatcher-253] INFO com.firebase.core.namespace.Terminator$Terminator - 3 actors left to terminate: visualscriptingapp-default-rtdb, bounce-10-default-rtdb, bounce-10
10:34:43.836 [NamespaceSystem-akka.actor.default-dispatcher-256] INFO com.firebase.core.namespace.NamespaceActor - stopped namespace actor for bounce-10-default-rtdb
10:34:43.836 [NamespaceSystem-akka.actor.default-dispatcher-254] INFO com.firebase.core.namespace.NamespaceActor - stopped namespace actor for bounce-10
10:34:43.836 [NamespaceSystem-akka.actor.default-dispatcher-257] INFO com.firebase.core.namespace.NamespaceActor - stopped namespace actor for visualscriptingapp-default-rtdb
10:34:43.845 [Thread-0] INFO com.firebase.server.forge.App$ - Graceful shutdown complete.
